- Session info ---------------------------------------------------------------
 setting  value
 version  R version 4.2.0 (2022-04-22)
 os       macOS 13.4.1
 system   aarch64, darwin20
 ui       X11
 language (EN)
 collate  en_US.UTF-8
 ctype    en_US.UTF-8
 tz       Europe/Luxembourg
 date     2023-10-17
 pandoc   3.1.6.2 @ /opt/homebrew/bin/ (via rmarkdown)

- Packages -------------------------------------------------------------------
 package     * version date (UTC) lib source
 cli           3.6.0   2023-01-09 [1] CRAN (R 4.2.0)
 codetools     0.2-19  2023-02-01 [2] CRAN (R 4.2.0)
 colorspace    2.1-0   2023-01-23 [1] CRAN (R 4.2.0)
 digest        0.6.31  2022-12-11 [1] CRAN (R 4.2.0)
 dplyr         1.1.0   2023-01-29 [1] CRAN (R 4.2.0)
 evaluate      0.20    2023-01-17 [1] CRAN (R 4.2.0)
 fansi         1.0.4   2023-01-22 [1] CRAN (R 4.2.0)
 fastmap       1.1.1   2023-02-24 [1] CRAN (R 4.2.0)
 generics      0.1.3   2022-07-05 [1] CRAN (R 4.2.0)
 ggplot2     * 3.4.1   2023-02-10 [1] CRAN (R 4.2.0)
 glue          1.6.2   2022-02-24 [1] CRAN (R 4.2.0)
 gtable        0.3.1   2022-09-01 [1] CRAN (R 4.2.0)
 htmltools     0.5.4   2022-12-07 [1] CRAN (R 4.2.0)
 jsonlite      1.8.4   2022-12-06 [1] CRAN (R 4.2.0)
 knitr         1.42    2023-01-25 [1] CRAN (R 4.2.0)
 lifecycle     1.0.3   2022-10-07 [1] CRAN (R 4.2.0)
 magrittr      2.0.3   2022-03-30 [1] CRAN (R 4.2.0)
 munsell       0.5.0   2018-06-12 [1] CRAN (R 4.2.0)
 pillar        1.8.1   2022-08-19 [1] CRAN (R 4.2.0)
 pkgconfig     2.0.3   2019-09-22 [1] CRAN (R 4.2.0)
 R6            2.5.1   2021-08-19 [1] CRAN (R 4.2.0)
 Rcpp          1.0.10  2023-01-22 [1] CRAN (R 4.2.0)
 rlang         1.0.6   2022-09-24 [1] CRAN (R 4.2.0)
 rmarkdown     2.20    2023-01-19 [1] CRAN (R 4.2.0)
 rstudioapi    0.14    2022-08-22 [1] CRAN (R 4.2.0)
 scales        1.2.1   2022-08-20 [1] CRAN (R 4.2.0)
 sessioninfo * 1.2.2   2021-12-06 [1] CRAN (R 4.2.0)
 terra       * 1.7-18  2023-03-06 [1] CRAN (R 4.2.0)
 tibble        3.2.0   2023-03-08 [1] CRAN (R 4.2.0)
 tidyselect    1.2.0   2022-10-10 [1] CRAN (R 4.2.0)
 utf8          1.2.3   2023-01-31 [1] CRAN (R 4.2.0)
 vctrs         0.5.2   2023-01-23 [1] CRAN (R 4.2.0)
 withr         2.5.0   2022-03-03 [1] CRAN (R 4.2.0)
 xfun          0.37    2023-01-31 [1] CRAN (R 4.2.0)
 yaml          2.3.7   2023-01-23 [1] CRAN (R 4.2.0)

 [1] /Users/torres/Library/R/arm64/4.2/library
 [2] /Library/Frameworks/R.framework/Versions/4.2-arm64/Resources/library

- External software ----------------------------------------------------------
 setting        value
 cairo          1.16.0
 cairoFT        2.11.1/2.13.94
 pango
 png            1.6.37
 jpeg           9.4
 tiff           LIBTIFF, Version 4.3.0
 tcl            8.6.12
 curl           7.88.1
 zlib           1.2.11
 bzlib          1.0.8, 13-Jul-2019
 xz             5.2.5
 PCRE           10.39 2021-10-29
 ICU            70.2
 TRE            TRE 0.8.0 R_fixes (BSD)
 iconv          GNU libiconv 1.11
 readline       5.2
 BLAS           /Library/Frameworks/R.framework/Versions/4.2-arm64/Resources/lib/libRblas.0.dylib
 lapack         /Library/Frameworks/R.framework/Versions/4.2-arm64/Resources/lib/libRlapack.dylib
 lapack_version 3.10.0

- Python configuration -------------------------------------------------------
 Python is not available

------------------------------------------------------------------------------
